<?xml version="1.0" encoding="UTF-8"?>
<testsuite name="ForgotPasswordTest" tests="2" skipped="0" failures="0" errors="0" timestamp="2017-01-24T15:58:41" hostname="Alexeys-Mac-mini.local" time="30.745">
  <properties/>
  <testcase name="resetPasswordTest" classname="ForgotPasswordTest" time="11.808"/>
  <testcase name="resetPasswordWithIncorrectEmailTest" classname="ForgotPasswordTest" time="7.105"/>
  <system-out><![CDATA[]]></system-out>
  <system-err><![CDATA[]]></system-err>
</testsuite>
