<?xml version="1.0" encoding="UTF-8"?>
<!-- Generated by org.testng.reporters.JUnitReportReporter -->
<testsuite hostname="Alexeys-Mac-mini.local" name="ForgotPasswordTest" tests="2" failures="0" timestamp="24 Jan 2017 15:59:12 GMT" time="57.148" errors="0">
  <testcase name="resetPasswordWithIncorrectEmailTest" time="33.538" classname="ForgotPasswordTest"/>
  <testcase name="resetPasswordTest" time="23.610" classname="ForgotPasswordTest"/>
</testsuite> <!-- ForgotPasswordTest -->
